[2024-10-27T13:04:19.400+0000] {processor.py:186} INFO - Started process (PID=4371) to work on /opt/airflow/dags/etlpipeline.py
[2024-10-27T13:04:19.401+0000] {processor.py:914} INFO - Processing file /opt/airflow/dags/etlpipeline.py for tasks to queue
[2024-10-27T13:04:19.403+0000] {logging_mixin.py:190} INFO - [2024-10-27T13:04:19.403+0000] {dagbag.py:588} INFO - Filling up the DagBag from /opt/airflow/dags/etlpipeline.py
[2024-10-27T13:04:21.228+0000] {processor.py:925} INFO - DAG(s) 'ETL_training_pipeline' retrieved from /opt/airflow/dags/etlpipeline.py
[2024-10-27T13:04:21.325+0000] {logging_mixin.py:190} INFO - [2024-10-27T13:04:21.324+0000] {dag.py:3239} INFO - Sync 1 DAGs
[2024-10-27T13:04:21.340+0000] {logging_mixin.py:190} INFO - [2024-10-27T13:04:21.340+0000] {dag.py:4180} INFO - Setting next_dagrun for ETL_training_pipeline to 2023-10-01 00:00:00+00:00, run_after=2023-10-02 00:00:00+00:00
[2024-10-27T13:04:21.362+0000] {processor.py:208} INFO - Processing /opt/airflow/dags/etlpipeline.py took 1.972 seconds
[2024-10-27T13:04:51.512+0000] {processor.py:186} INFO - Started process (PID=4384) to work on /opt/airflow/dags/etlpipeline.py
[2024-10-27T13:04:51.513+0000] {processor.py:914} INFO - Processing file /opt/airflow/dags/etlpipeline.py for tasks to queue
[2024-10-27T13:04:51.515+0000] {logging_mixin.py:190} INFO - [2024-10-27T13:04:51.515+0000] {dagbag.py:588} INFO - Filling up the DagBag from /opt/airflow/dags/etlpipeline.py
[2024-10-27T13:04:53.433+0000] {processor.py:925} INFO - DAG(s) 'ETL_training_pipeline' retrieved from /opt/airflow/dags/etlpipeline.py
[2024-10-27T13:04:53.462+0000] {logging_mixin.py:190} INFO - [2024-10-27T13:04:53.461+0000] {dag.py:3239} INFO - Sync 1 DAGs
[2024-10-27T13:04:53.491+0000] {logging_mixin.py:190} INFO - [2024-10-27T13:04:53.491+0000] {dag.py:4180} INFO - Setting next_dagrun for ETL_training_pipeline to 2023-10-01 00:00:00+00:00, run_after=2023-10-02 00:00:00+00:00
[2024-10-27T13:04:53.520+0000] {processor.py:208} INFO - Processing /opt/airflow/dags/etlpipeline.py took 2.019 seconds
[2024-10-27T13:05:23.747+0000] {processor.py:186} INFO - Started process (PID=4397) to work on /opt/airflow/dags/etlpipeline.py
[2024-10-27T13:05:23.786+0000] {processor.py:914} INFO - Processing file /opt/airflow/dags/etlpipeline.py for tasks to queue
[2024-10-27T13:05:23.789+0000] {logging_mixin.py:190} INFO - [2024-10-27T13:05:23.788+0000] {dagbag.py:588} INFO - Filling up the DagBag from /opt/airflow/dags/etlpipeline.py
[2024-10-27T13:05:24.996+0000] {processor.py:925} INFO - DAG(s) 'ETL_training_pipeline' retrieved from /opt/airflow/dags/etlpipeline.py
[2024-10-27T13:05:25.011+0000] {logging_mixin.py:190} INFO - [2024-10-27T13:05:25.010+0000] {dag.py:3239} INFO - Sync 1 DAGs
[2024-10-27T13:05:25.027+0000] {logging_mixin.py:190} INFO - [2024-10-27T13:05:25.027+0000] {dag.py:4180} INFO - Setting next_dagrun for ETL_training_pipeline to 2023-10-01 00:00:00+00:00, run_after=2023-10-02 00:00:00+00:00
[2024-10-27T13:05:25.084+0000] {processor.py:208} INFO - Processing /opt/airflow/dags/etlpipeline.py took 1.345 seconds
[2024-10-27T13:05:55.348+0000] {processor.py:186} INFO - Started process (PID=4410) to work on /opt/airflow/dags/etlpipeline.py
[2024-10-27T13:05:55.387+0000] {processor.py:914} INFO - Processing file /opt/airflow/dags/etlpipeline.py for tasks to queue
[2024-10-27T13:05:55.391+0000] {logging_mixin.py:190} INFO - [2024-10-27T13:05:55.390+0000] {dagbag.py:588} INFO - Filling up the DagBag from /opt/airflow/dags/etlpipeline.py
[2024-10-27T13:05:56.776+0000] {processor.py:925} INFO - DAG(s) 'ETL_training_pipeline' retrieved from /opt/airflow/dags/etlpipeline.py
[2024-10-27T13:05:56.791+0000] {logging_mixin.py:190} INFO - [2024-10-27T13:05:56.791+0000] {dag.py:3239} INFO - Sync 1 DAGs
[2024-10-27T13:05:56.808+0000] {logging_mixin.py:190} INFO - [2024-10-27T13:05:56.808+0000] {dag.py:4180} INFO - Setting next_dagrun for ETL_training_pipeline to 2023-10-01 00:00:00+00:00, run_after=2023-10-02 00:00:00+00:00
[2024-10-27T13:05:56.870+0000] {processor.py:208} INFO - Processing /opt/airflow/dags/etlpipeline.py took 1.532 seconds
[2024-10-27T13:06:27.131+0000] {processor.py:186} INFO - Started process (PID=4423) to work on /opt/airflow/dags/etlpipeline.py
[2024-10-27T13:06:27.170+0000] {processor.py:914} INFO - Processing file /opt/airflow/dags/etlpipeline.py for tasks to queue
[2024-10-27T13:06:27.173+0000] {logging_mixin.py:190} INFO - [2024-10-27T13:06:27.172+0000] {dagbag.py:588} INFO - Filling up the DagBag from /opt/airflow/dags/etlpipeline.py
[2024-10-27T13:06:28.980+0000] {processor.py:925} INFO - DAG(s) 'ETL_training_pipeline' retrieved from /opt/airflow/dags/etlpipeline.py
[2024-10-27T13:06:29.005+0000] {logging_mixin.py:190} INFO - [2024-10-27T13:06:29.004+0000] {dag.py:3239} INFO - Sync 1 DAGs
[2024-10-27T13:06:29.036+0000] {logging_mixin.py:190} INFO - [2024-10-27T13:06:29.035+0000] {dag.py:4180} INFO - Setting next_dagrun for ETL_training_pipeline to 2023-10-01 00:00:00+00:00, run_after=2023-10-02 00:00:00+00:00
[2024-10-27T13:06:29.074+0000] {processor.py:208} INFO - Processing /opt/airflow/dags/etlpipeline.py took 1.952 seconds
[2024-10-27T13:06:59.336+0000] {processor.py:186} INFO - Started process (PID=4436) to work on /opt/airflow/dags/etlpipeline.py
[2024-10-27T13:06:59.338+0000] {processor.py:914} INFO - Processing file /opt/airflow/dags/etlpipeline.py for tasks to queue
[2024-10-27T13:06:59.340+0000] {logging_mixin.py:190} INFO - [2024-10-27T13:06:59.339+0000] {dagbag.py:588} INFO - Filling up the DagBag from /opt/airflow/dags/etlpipeline.py
[2024-10-27T13:07:00.984+0000] {processor.py:925} INFO - DAG(s) 'ETL_training_pipeline' retrieved from /opt/airflow/dags/etlpipeline.py
[2024-10-27T13:07:01.000+0000] {logging_mixin.py:190} INFO - [2024-10-27T13:07:01.000+0000] {dag.py:3239} INFO - Sync 1 DAGs
[2024-10-27T13:07:01.019+0000] {logging_mixin.py:190} INFO - [2024-10-27T13:07:01.018+0000] {dag.py:4180} INFO - Setting next_dagrun for ETL_training_pipeline to 2023-10-01 00:00:00+00:00, run_after=2023-10-02 00:00:00+00:00
[2024-10-27T13:07:01.078+0000] {processor.py:208} INFO - Processing /opt/airflow/dags/etlpipeline.py took 1.752 seconds
[2024-10-27T13:07:31.339+0000] {processor.py:186} INFO - Started process (PID=4449) to work on /opt/airflow/dags/etlpipeline.py
[2024-10-27T13:07:31.340+0000] {processor.py:914} INFO - Processing file /opt/airflow/dags/etlpipeline.py for tasks to queue
[2024-10-27T13:07:31.342+0000] {logging_mixin.py:190} INFO - [2024-10-27T13:07:31.341+0000] {dagbag.py:588} INFO - Filling up the DagBag from /opt/airflow/dags/etlpipeline.py
[2024-10-27T13:07:33.173+0000] {processor.py:925} INFO - DAG(s) 'ETL_training_pipeline' retrieved from /opt/airflow/dags/etlpipeline.py
[2024-10-27T13:07:33.201+0000] {logging_mixin.py:190} INFO - [2024-10-27T13:07:33.200+0000] {dag.py:3239} INFO - Sync 1 DAGs
[2024-10-27T13:07:33.229+0000] {logging_mixin.py:190} INFO - [2024-10-27T13:07:33.228+0000] {dag.py:4180} INFO - Setting next_dagrun for ETL_training_pipeline to 2023-10-01 00:00:00+00:00, run_after=2023-10-02 00:00:00+00:00
[2024-10-27T13:07:33.324+0000] {processor.py:208} INFO - Processing /opt/airflow/dags/etlpipeline.py took 1.994 seconds
[2024-10-27T13:08:03.413+0000] {processor.py:186} INFO - Started process (PID=4462) to work on /opt/airflow/dags/etlpipeline.py
[2024-10-27T13:08:03.414+0000] {processor.py:914} INFO - Processing file /opt/airflow/dags/etlpipeline.py for tasks to queue
[2024-10-27T13:08:03.416+0000] {logging_mixin.py:190} INFO - [2024-10-27T13:08:03.415+0000] {dagbag.py:588} INFO - Filling up the DagBag from /opt/airflow/dags/etlpipeline.py
[2024-10-27T13:08:05.307+0000] {processor.py:925} INFO - DAG(s) 'ETL_training_pipeline' retrieved from /opt/airflow/dags/etlpipeline.py
[2024-10-27T13:08:05.327+0000] {logging_mixin.py:190} INFO - [2024-10-27T13:08:05.326+0000] {dag.py:3239} INFO - Sync 1 DAGs
[2024-10-27T13:08:05.346+0000] {logging_mixin.py:190} INFO - [2024-10-27T13:08:05.345+0000] {dag.py:4180} INFO - Setting next_dagrun for ETL_training_pipeline to 2023-10-01 00:00:00+00:00, run_after=2023-10-02 00:00:00+00:00
[2024-10-27T13:08:05.405+0000] {processor.py:208} INFO - Processing /opt/airflow/dags/etlpipeline.py took 2.003 seconds
[2024-10-27T13:08:35.561+0000] {processor.py:186} INFO - Started process (PID=4475) to work on /opt/airflow/dags/etlpipeline.py
[2024-10-27T13:08:35.562+0000] {processor.py:914} INFO - Processing file /opt/airflow/dags/etlpipeline.py for tasks to queue
[2024-10-27T13:08:35.564+0000] {logging_mixin.py:190} INFO - [2024-10-27T13:08:35.564+0000] {dagbag.py:588} INFO - Filling up the DagBag from /opt/airflow/dags/etlpipeline.py
[2024-10-27T13:08:37.424+0000] {processor.py:925} INFO - DAG(s) 'ETL_training_pipeline' retrieved from /opt/airflow/dags/etlpipeline.py
[2024-10-27T13:08:37.449+0000] {logging_mixin.py:190} INFO - [2024-10-27T13:08:37.448+0000] {dag.py:3239} INFO - Sync 1 DAGs
[2024-10-27T13:08:37.477+0000] {logging_mixin.py:190} INFO - [2024-10-27T13:08:37.477+0000] {dag.py:4180} INFO - Setting next_dagrun for ETL_training_pipeline to 2023-10-01 00:00:00+00:00, run_after=2023-10-02 00:00:00+00:00
[2024-10-27T13:08:37.580+0000] {processor.py:208} INFO - Processing /opt/airflow/dags/etlpipeline.py took 2.029 seconds
[2024-10-27T13:09:07.861+0000] {processor.py:186} INFO - Started process (PID=4488) to work on /opt/airflow/dags/etlpipeline.py
[2024-10-27T13:09:07.862+0000] {processor.py:914} INFO - Processing file /opt/airflow/dags/etlpipeline.py for tasks to queue
[2024-10-27T13:09:07.865+0000] {logging_mixin.py:190} INFO - [2024-10-27T13:09:07.864+0000] {dagbag.py:588} INFO - Filling up the DagBag from /opt/airflow/dags/etlpipeline.py
[2024-10-27T13:09:09.745+0000] {processor.py:925} INFO - DAG(s) 'ETL_training_pipeline' retrieved from /opt/airflow/dags/etlpipeline.py
[2024-10-27T13:09:09.760+0000] {logging_mixin.py:190} INFO - [2024-10-27T13:09:09.760+0000] {dag.py:3239} INFO - Sync 1 DAGs
[2024-10-27T13:09:09.778+0000] {logging_mixin.py:190} INFO - [2024-10-27T13:09:09.778+0000] {dag.py:4180} INFO - Setting next_dagrun for ETL_training_pipeline to 2023-10-01 00:00:00+00:00, run_after=2023-10-02 00:00:00+00:00
[2024-10-27T13:09:09.841+0000] {processor.py:208} INFO - Processing /opt/airflow/dags/etlpipeline.py took 1.990 seconds
[2024-10-27T13:09:40.032+0000] {processor.py:186} INFO - Started process (PID=4501) to work on /opt/airflow/dags/etlpipeline.py
[2024-10-27T13:09:40.072+0000] {processor.py:914} INFO - Processing file /opt/airflow/dags/etlpipeline.py for tasks to queue
[2024-10-27T13:09:40.076+0000] {logging_mixin.py:190} INFO - [2024-10-27T13:09:40.075+0000] {dagbag.py:588} INFO - Filling up the DagBag from /opt/airflow/dags/etlpipeline.py
[2024-10-27T13:09:42.012+0000] {processor.py:925} INFO - DAG(s) 'ETL_training_pipeline' retrieved from /opt/airflow/dags/etlpipeline.py
[2024-10-27T13:09:42.037+0000] {logging_mixin.py:190} INFO - [2024-10-27T13:09:42.036+0000] {dag.py:3239} INFO - Sync 1 DAGs
[2024-10-27T13:09:42.067+0000] {logging_mixin.py:190} INFO - [2024-10-27T13:09:42.067+0000] {dag.py:4180} INFO - Setting next_dagrun for ETL_training_pipeline to 2023-10-01 00:00:00+00:00, run_after=2023-10-02 00:00:00+00:00
[2024-10-27T13:09:42.133+0000] {processor.py:208} INFO - Processing /opt/airflow/dags/etlpipeline.py took 2.112 seconds
[2024-10-27T13:10:12.428+0000] {processor.py:186} INFO - Started process (PID=4514) to work on /opt/airflow/dags/etlpipeline.py
[2024-10-27T13:10:12.467+0000] {processor.py:914} INFO - Processing file /opt/airflow/dags/etlpipeline.py for tasks to queue
[2024-10-27T13:10:12.471+0000] {logging_mixin.py:190} INFO - [2024-10-27T13:10:12.470+0000] {dagbag.py:588} INFO - Filling up the DagBag from /opt/airflow/dags/etlpipeline.py
[2024-10-27T13:10:14.381+0000] {processor.py:925} INFO - DAG(s) 'ETL_training_pipeline' retrieved from /opt/airflow/dags/etlpipeline.py
[2024-10-27T13:10:14.407+0000] {logging_mixin.py:190} INFO - [2024-10-27T13:10:14.406+0000] {dag.py:3239} INFO - Sync 1 DAGs
[2024-10-27T13:10:14.440+0000] {logging_mixin.py:190} INFO - [2024-10-27T13:10:14.439+0000] {dag.py:4180} INFO - Setting next_dagrun for ETL_training_pipeline to 2023-10-01 00:00:00+00:00, run_after=2023-10-02 00:00:00+00:00
[2024-10-27T13:10:14.505+0000] {processor.py:208} INFO - Processing /opt/airflow/dags/etlpipeline.py took 2.089 seconds
[2024-10-27T13:10:44.696+0000] {processor.py:186} INFO - Started process (PID=4527) to work on /opt/airflow/dags/etlpipeline.py
[2024-10-27T13:10:44.735+0000] {processor.py:914} INFO - Processing file /opt/airflow/dags/etlpipeline.py for tasks to queue
[2024-10-27T13:10:44.737+0000] {logging_mixin.py:190} INFO - [2024-10-27T13:10:44.736+0000] {dagbag.py:588} INFO - Filling up the DagBag from /opt/airflow/dags/etlpipeline.py
[2024-10-27T13:10:46.028+0000] {processor.py:925} INFO - DAG(s) 'ETL_training_pipeline' retrieved from /opt/airflow/dags/etlpipeline.py
[2024-10-27T13:10:46.045+0000] {logging_mixin.py:190} INFO - [2024-10-27T13:10:46.045+0000] {dag.py:3239} INFO - Sync 1 DAGs
[2024-10-27T13:10:46.062+0000] {logging_mixin.py:190} INFO - [2024-10-27T13:10:46.062+0000] {dag.py:4180} INFO - Setting next_dagrun for ETL_training_pipeline to 2023-10-01 00:00:00+00:00, run_after=2023-10-02 00:00:00+00:00
[2024-10-27T13:10:46.123+0000] {processor.py:208} INFO - Processing /opt/airflow/dags/etlpipeline.py took 1.444 seconds
