[2024-10-27T06:36:53.048+0000] {processor.py:186} INFO - Started process (PID=56) to work on /opt/airflow/dags/helloworld.py
[2024-10-27T06:36:53.049+0000] {processor.py:914} INFO - Processing file /opt/airflow/dags/helloworld.py for tasks to queue
[2024-10-27T06:36:53.053+0000] {logging_mixin.py:190} INFO - [2024-10-27T06:36:53.052+0000] {dagbag.py:588} INFO - Filling up the DagBag from /opt/airflow/dags/helloworld.py
[2024-10-27T06:36:53.069+0000] {processor.py:925} INFO - DAG(s) 'hello_world_dag' retrieved from /opt/airflow/dags/helloworld.py
[2024-10-27T06:36:53.261+0000] {logging_mixin.py:190} INFO - [2024-10-27T06:36:53.256+0000] {override.py:1900} INFO - Created Permission View: can read on DAG:hello_world_dag
[2024-10-27T06:36:53.282+0000] {logging_mixin.py:190} INFO - [2024-10-27T06:36:53.281+0000] {override.py:1900} INFO - Created Permission View: can edit on DAG:hello_world_dag
[2024-10-27T06:36:53.294+0000] {logging_mixin.py:190} INFO - [2024-10-27T06:36:53.293+0000] {override.py:1900} INFO - Created Permission View: can delete on DAG:hello_world_dag
[2024-10-27T06:36:53.312+0000] {logging_mixin.py:190} INFO - [2024-10-27T06:36:53.312+0000] {override.py:1900} INFO - Created Permission View: can read on DAG Run:hello_world_dag
[2024-10-27T06:36:53.330+0000] {logging_mixin.py:190} INFO - [2024-10-27T06:36:53.329+0000] {override.py:1900} INFO - Created Permission View: menu access on DAG Run:hello_world_dag
[2024-10-27T06:36:53.344+0000] {logging_mixin.py:190} INFO - [2024-10-27T06:36:53.343+0000] {override.py:1900} INFO - Created Permission View: can create on DAG Run:hello_world_dag
[2024-10-27T06:36:53.355+0000] {logging_mixin.py:190} INFO - [2024-10-27T06:36:53.354+0000] {override.py:1900} INFO - Created Permission View: can delete on DAG Run:hello_world_dag
[2024-10-27T06:36:53.355+0000] {logging_mixin.py:190} INFO - [2024-10-27T06:36:53.355+0000] {dag.py:3239} INFO - Sync 1 DAGs
[2024-10-27T06:36:53.374+0000] {logging_mixin.py:190} INFO - [2024-10-27T06:36:53.373+0000] {dag.py:3262} INFO - Creating ORM DAG for hello_world_dag
[2024-10-27T06:36:53.389+0000] {logging_mixin.py:190} INFO - [2024-10-27T06:36:53.389+0000] {dag.py:4180} INFO - Setting next_dagrun for hello_world_dag to 2024-10-27 05:00:00+00:00, run_after=2024-10-27 06:00:00+00:00
[2024-10-27T06:36:53.416+0000] {processor.py:208} INFO - Processing /opt/airflow/dags/helloworld.py took 0.378 seconds
[2024-10-27T06:37:51.904+0000] {processor.py:186} INFO - Started process (PID=57) to work on /opt/airflow/dags/helloworld.py
[2024-10-27T06:37:51.906+0000] {processor.py:914} INFO - Processing file /opt/airflow/dags/helloworld.py for tasks to queue
[2024-10-27T06:37:51.910+0000] {logging_mixin.py:190} INFO - [2024-10-27T06:37:51.910+0000] {dagbag.py:588} INFO - Filling up the DagBag from /opt/airflow/dags/helloworld.py
[2024-10-27T06:37:51.925+0000] {processor.py:925} INFO - DAG(s) 'hello_world_dag' retrieved from /opt/airflow/dags/helloworld.py
[2024-10-27T06:37:52.061+0000] {logging_mixin.py:190} INFO - [2024-10-27T06:37:52.058+0000] {override.py:1900} INFO - Created Permission View: can delete on DAG:hello_world_dag
[2024-10-27T06:37:52.075+0000] {logging_mixin.py:190} INFO - [2024-10-27T06:37:52.075+0000] {override.py:1900} INFO - Created Permission View: can edit on DAG:hello_world_dag
[2024-10-27T06:37:52.086+0000] {logging_mixin.py:190} INFO - [2024-10-27T06:37:52.086+0000] {override.py:1900} INFO - Created Permission View: can read on DAG:hello_world_dag
[2024-10-27T06:37:52.112+0000] {logging_mixin.py:190} INFO - [2024-10-27T06:37:52.111+0000] {override.py:1900} INFO - Created Permission View: can create on DAG Run:hello_world_dag
[2024-10-27T06:37:52.126+0000] {logging_mixin.py:190} INFO - [2024-10-27T06:37:52.125+0000] {override.py:1900} INFO - Created Permission View: can delete on DAG Run:hello_world_dag
[2024-10-27T06:37:52.142+0000] {logging_mixin.py:190} INFO - [2024-10-27T06:37:52.141+0000] {override.py:1900} INFO - Created Permission View: menu access on DAG Run:hello_world_dag
[2024-10-27T06:37:52.159+0000] {logging_mixin.py:190} INFO - [2024-10-27T06:37:52.158+0000] {override.py:1900} INFO - Created Permission View: can read on DAG Run:hello_world_dag
[2024-10-27T06:37:52.160+0000] {logging_mixin.py:190} INFO - [2024-10-27T06:37:52.160+0000] {dag.py:3239} INFO - Sync 1 DAGs
[2024-10-27T06:37:52.190+0000] {logging_mixin.py:190} INFO - [2024-10-27T06:37:52.190+0000] {dag.py:3262} INFO - Creating ORM DAG for hello_world_dag
[2024-10-27T06:37:52.210+0000] {logging_mixin.py:190} INFO - [2024-10-27T06:37:52.210+0000] {dag.py:4180} INFO - Setting next_dagrun for hello_world_dag to 2024-10-27 05:00:00+00:00, run_after=2024-10-27 06:00:00+00:00
[2024-10-27T06:37:52.245+0000] {processor.py:208} INFO - Processing /opt/airflow/dags/helloworld.py took 0.351 seconds
[2024-10-27T06:38:22.970+0000] {processor.py:186} INFO - Started process (PID=74) to work on /opt/airflow/dags/helloworld.py
[2024-10-27T06:38:23.009+0000] {processor.py:914} INFO - Processing file /opt/airflow/dags/helloworld.py for tasks to queue
[2024-10-27T06:38:23.012+0000] {logging_mixin.py:190} INFO - [2024-10-27T06:38:23.011+0000] {dagbag.py:588} INFO - Filling up the DagBag from /opt/airflow/dags/helloworld.py
[2024-10-27T06:38:23.034+0000] {processor.py:925} INFO - DAG(s) 'hello_world_dag' retrieved from /opt/airflow/dags/helloworld.py
[2024-10-27T06:38:23.066+0000] {logging_mixin.py:190} INFO - [2024-10-27T06:38:23.065+0000] {dag.py:3239} INFO - Sync 1 DAGs
[2024-10-27T06:38:23.101+0000] {logging_mixin.py:190} INFO - [2024-10-27T06:38:23.100+0000] {dag.py:4180} INFO - Setting next_dagrun for hello_world_dag to 2024-10-27 05:00:00+00:00, run_after=2024-10-27 06:00:00+00:00
[2024-10-27T06:38:23.214+0000] {processor.py:208} INFO - Processing /opt/airflow/dags/helloworld.py took 0.252 seconds
[2024-10-27T06:38:54.551+0000] {processor.py:186} INFO - Started process (PID=123) to work on /opt/airflow/dags/helloworld.py
[2024-10-27T06:38:54.590+0000] {processor.py:914} INFO - Processing file /opt/airflow/dags/helloworld.py for tasks to queue
[2024-10-27T06:38:54.593+0000] {logging_mixin.py:190} INFO - [2024-10-27T06:38:54.592+0000] {dagbag.py:588} INFO - Filling up the DagBag from /opt/airflow/dags/helloworld.py
[2024-10-27T06:38:54.610+0000] {processor.py:925} INFO - DAG(s) 'hello_world_dag' retrieved from /opt/airflow/dags/helloworld.py
[2024-10-27T06:38:54.642+0000] {logging_mixin.py:190} INFO - [2024-10-27T06:38:54.642+0000] {dag.py:3239} INFO - Sync 1 DAGs
[2024-10-27T06:38:54.677+0000] {logging_mixin.py:190} INFO - [2024-10-27T06:38:54.677+0000] {dag.py:4180} INFO - Setting next_dagrun for hello_world_dag to 2024-10-27 05:00:00+00:00, run_after=2024-10-27 06:00:00+00:00
[2024-10-27T06:38:54.713+0000] {processor.py:208} INFO - Processing /opt/airflow/dags/helloworld.py took 0.170 seconds
[2024-10-27T06:53:40.332+0000] {processor.py:186} INFO - Started process (PID=56) to work on /opt/airflow/dags/helloworld.py
[2024-10-27T06:53:40.333+0000] {processor.py:914} INFO - Processing file /opt/airflow/dags/helloworld.py for tasks to queue
[2024-10-27T06:53:40.337+0000] {logging_mixin.py:190} INFO - [2024-10-27T06:53:40.336+0000] {dagbag.py:588} INFO - Filling up the DagBag from /opt/airflow/dags/helloworld.py
[2024-10-27T06:53:40.348+0000] {processor.py:925} INFO - DAG(s) 'hello_world_dag' retrieved from /opt/airflow/dags/helloworld.py
[2024-10-27T06:53:40.494+0000] {logging_mixin.py:190} INFO - [2024-10-27T06:53:40.491+0000] {override.py:1900} INFO - Created Permission View: can delete on DAG:hello_world_dag
[2024-10-27T06:53:40.509+0000] {logging_mixin.py:190} INFO - [2024-10-27T06:53:40.509+0000] {override.py:1900} INFO - Created Permission View: can edit on DAG:hello_world_dag
[2024-10-27T06:53:40.520+0000] {logging_mixin.py:190} INFO - [2024-10-27T06:53:40.520+0000] {override.py:1900} INFO - Created Permission View: can read on DAG:hello_world_dag
[2024-10-27T06:53:40.544+0000] {logging_mixin.py:190} INFO - [2024-10-27T06:53:40.543+0000] {override.py:1900} INFO - Created Permission View: menu access on DAG Run:hello_world_dag
[2024-10-27T06:53:40.570+0000] {logging_mixin.py:190} INFO - [2024-10-27T06:53:40.569+0000] {override.py:1900} INFO - Created Permission View: can delete on DAG Run:hello_world_dag
[2024-10-27T06:53:40.585+0000] {logging_mixin.py:190} INFO - [2024-10-27T06:53:40.584+0000] {override.py:1900} INFO - Created Permission View: can create on DAG Run:hello_world_dag
[2024-10-27T06:53:40.595+0000] {logging_mixin.py:190} INFO - [2024-10-27T06:53:40.594+0000] {override.py:1900} INFO - Created Permission View: can read on DAG Run:hello_world_dag
[2024-10-27T06:53:40.596+0000] {logging_mixin.py:190} INFO - [2024-10-27T06:53:40.596+0000] {dag.py:3239} INFO - Sync 1 DAGs
[2024-10-27T06:53:40.613+0000] {logging_mixin.py:190} INFO - [2024-10-27T06:53:40.613+0000] {dag.py:3262} INFO - Creating ORM DAG for hello_world_dag
[2024-10-27T06:53:40.626+0000] {logging_mixin.py:190} INFO - [2024-10-27T06:53:40.626+0000] {dag.py:4180} INFO - Setting next_dagrun for hello_world_dag to 2024-10-27 05:00:00+00:00, run_after=2024-10-27 06:00:00+00:00
[2024-10-27T06:53:40.668+0000] {processor.py:208} INFO - Processing /opt/airflow/dags/helloworld.py took 0.343 seconds
[2024-10-27T06:54:11.420+0000] {processor.py:186} INFO - Started process (PID=84) to work on /opt/airflow/dags/helloworld.py
[2024-10-27T06:54:11.459+0000] {processor.py:914} INFO - Processing file /opt/airflow/dags/helloworld.py for tasks to queue
[2024-10-27T06:54:11.464+0000] {logging_mixin.py:190} INFO - [2024-10-27T06:54:11.463+0000] {dagbag.py:588} INFO - Filling up the DagBag from /opt/airflow/dags/helloworld.py
[2024-10-27T06:54:11.487+0000] {processor.py:925} INFO - DAG(s) 'hello_world_dag' retrieved from /opt/airflow/dags/helloworld.py
[2024-10-27T06:54:11.520+0000] {logging_mixin.py:190} INFO - [2024-10-27T06:54:11.519+0000] {dag.py:3239} INFO - Sync 1 DAGs
[2024-10-27T06:54:11.556+0000] {logging_mixin.py:190} INFO - [2024-10-27T06:54:11.555+0000] {dag.py:4180} INFO - Setting next_dagrun for hello_world_dag to 2024-10-27 05:00:00+00:00, run_after=2024-10-27 06:00:00+00:00
[2024-10-27T06:54:11.667+0000] {processor.py:208} INFO - Processing /opt/airflow/dags/helloworld.py took 0.255 seconds
[2024-10-27T06:54:43.162+0000] {processor.py:186} INFO - Started process (PID=87) to work on /opt/airflow/dags/helloworld.py
[2024-10-27T06:54:43.230+0000] {processor.py:914} INFO - Processing file /opt/airflow/dags/helloworld.py for tasks to queue
[2024-10-27T06:54:43.235+0000] {logging_mixin.py:190} INFO - [2024-10-27T06:54:43.234+0000] {dagbag.py:588} INFO - Filling up the DagBag from /opt/airflow/dags/helloworld.py
[2024-10-27T06:54:43.252+0000] {processor.py:925} INFO - DAG(s) 'hello_world_dag' retrieved from /opt/airflow/dags/helloworld.py
[2024-10-27T06:54:43.285+0000] {logging_mixin.py:190} INFO - [2024-10-27T06:54:43.284+0000] {dag.py:3239} INFO - Sync 1 DAGs
[2024-10-27T06:54:43.320+0000] {logging_mixin.py:190} INFO - [2024-10-27T06:54:43.320+0000] {dag.py:4180} INFO - Setting next_dagrun for hello_world_dag to 2024-10-27 05:00:00+00:00, run_after=2024-10-27 06:00:00+00:00
[2024-10-27T06:54:43.350+0000] {processor.py:208} INFO - Processing /opt/airflow/dags/helloworld.py took 0.196 seconds
[2024-10-27T06:55:15.028+0000] {processor.py:186} INFO - Started process (PID=90) to work on /opt/airflow/dags/helloworld.py
[2024-10-27T06:55:15.067+0000] {processor.py:914} INFO - Processing file /opt/airflow/dags/helloworld.py for tasks to queue
[2024-10-27T06:55:15.071+0000] {logging_mixin.py:190} INFO - [2024-10-27T06:55:15.070+0000] {dagbag.py:588} INFO - Filling up the DagBag from /opt/airflow/dags/helloworld.py
[2024-10-27T06:55:15.088+0000] {processor.py:925} INFO - DAG(s) 'hello_world_dag' retrieved from /opt/airflow/dags/helloworld.py
[2024-10-27T06:55:15.120+0000] {logging_mixin.py:190} INFO - [2024-10-27T06:55:15.119+0000] {dag.py:3239} INFO - Sync 1 DAGs
[2024-10-27T06:55:15.155+0000] {logging_mixin.py:190} INFO - [2024-10-27T06:55:15.155+0000] {dag.py:4180} INFO - Setting next_dagrun for hello_world_dag to 2024-10-27 05:00:00+00:00, run_after=2024-10-27 06:00:00+00:00
[2024-10-27T06:55:15.204+0000] {processor.py:208} INFO - Processing /opt/airflow/dags/helloworld.py took 0.184 seconds
[2024-10-27T06:55:46.543+0000] {processor.py:186} INFO - Started process (PID=93) to work on /opt/airflow/dags/helloworld.py
[2024-10-27T06:55:46.582+0000] {processor.py:914} INFO - Processing file /opt/airflow/dags/helloworld.py for tasks to queue
[2024-10-27T06:55:46.587+0000] {logging_mixin.py:190} INFO - [2024-10-27T06:55:46.586+0000] {dagbag.py:588} INFO - Filling up the DagBag from /opt/airflow/dags/helloworld.py
[2024-10-27T06:55:46.604+0000] {processor.py:925} INFO - DAG(s) 'hello_world_dag' retrieved from /opt/airflow/dags/helloworld.py
[2024-10-27T06:55:46.636+0000] {logging_mixin.py:190} INFO - [2024-10-27T06:55:46.635+0000] {dag.py:3239} INFO - Sync 1 DAGs
[2024-10-27T06:55:46.673+0000] {logging_mixin.py:190} INFO - [2024-10-27T06:55:46.673+0000] {dag.py:4180} INFO - Setting next_dagrun for hello_world_dag to 2024-10-27 05:00:00+00:00, run_after=2024-10-27 06:00:00+00:00
[2024-10-27T06:55:46.785+0000] {processor.py:208} INFO - Processing /opt/airflow/dags/helloworld.py took 0.250 seconds
[2024-10-27T06:56:17.857+0000] {processor.py:186} INFO - Started process (PID=96) to work on /opt/airflow/dags/helloworld.py
[2024-10-27T06:56:17.896+0000] {processor.py:914} INFO - Processing file /opt/airflow/dags/helloworld.py for tasks to queue
[2024-10-27T06:56:17.900+0000] {logging_mixin.py:190} INFO - [2024-10-27T06:56:17.899+0000] {dagbag.py:588} INFO - Filling up the DagBag from /opt/airflow/dags/helloworld.py
[2024-10-27T06:56:17.918+0000] {processor.py:925} INFO - DAG(s) 'hello_world_dag' retrieved from /opt/airflow/dags/helloworld.py
[2024-10-27T06:56:17.952+0000] {logging_mixin.py:190} INFO - [2024-10-27T06:56:17.951+0000] {dag.py:3239} INFO - Sync 1 DAGs
[2024-10-27T06:56:17.990+0000] {logging_mixin.py:190} INFO - [2024-10-27T06:56:17.990+0000] {dag.py:4180} INFO - Setting next_dagrun for hello_world_dag to 2024-10-27 05:00:00+00:00, run_after=2024-10-27 06:00:00+00:00
[2024-10-27T06:56:18.097+0000] {processor.py:208} INFO - Processing /opt/airflow/dags/helloworld.py took 0.253 seconds
[2024-10-27T06:56:48.326+0000] {processor.py:186} INFO - Started process (PID=99) to work on /opt/airflow/dags/helloworld.py
[2024-10-27T06:56:48.328+0000] {processor.py:914} INFO - Processing file /opt/airflow/dags/helloworld.py for tasks to queue
[2024-10-27T06:56:48.331+0000] {logging_mixin.py:190} INFO - [2024-10-27T06:56:48.330+0000] {dagbag.py:588} INFO - Filling up the DagBag from /opt/airflow/dags/helloworld.py
[2024-10-27T06:56:48.349+0000] {processor.py:925} INFO - DAG(s) 'hello_world_dag' retrieved from /opt/airflow/dags/helloworld.py
[2024-10-27T06:56:48.383+0000] {logging_mixin.py:190} INFO - [2024-10-27T06:56:48.382+0000] {dag.py:3239} INFO - Sync 1 DAGs
[2024-10-27T06:56:48.419+0000] {logging_mixin.py:190} INFO - [2024-10-27T06:56:48.419+0000] {dag.py:4180} INFO - Setting next_dagrun for hello_world_dag to 2024-10-27 05:00:00+00:00, run_after=2024-10-27 06:00:00+00:00
[2024-10-27T06:56:48.450+0000] {processor.py:208} INFO - Processing /opt/airflow/dags/helloworld.py took 0.133 seconds
[2024-10-27T06:57:20.911+0000] {processor.py:186} INFO - Started process (PID=102) to work on /opt/airflow/dags/helloworld.py
[2024-10-27T06:57:20.912+0000] {processor.py:914} INFO - Processing file /opt/airflow/dags/helloworld.py for tasks to queue
[2024-10-27T06:57:20.915+0000] {logging_mixin.py:190} INFO - [2024-10-27T06:57:20.914+0000] {dagbag.py:588} INFO - Filling up the DagBag from /opt/airflow/dags/helloworld.py
[2024-10-27T06:57:20.932+0000] {processor.py:925} INFO - DAG(s) 'hello_world_dag' retrieved from /opt/airflow/dags/helloworld.py
[2024-10-27T06:57:20.963+0000] {logging_mixin.py:190} INFO - [2024-10-27T06:57:20.963+0000] {dag.py:3239} INFO - Sync 1 DAGs
[2024-10-27T06:57:20.998+0000] {logging_mixin.py:190} INFO - [2024-10-27T06:57:20.998+0000] {dag.py:4180} INFO - Setting next_dagrun for hello_world_dag to 2024-10-27 05:00:00+00:00, run_after=2024-10-27 06:00:00+00:00
[2024-10-27T06:57:21.027+0000] {processor.py:208} INFO - Processing /opt/airflow/dags/helloworld.py took 0.124 seconds
[2024-10-27T06:57:51.952+0000] {processor.py:186} INFO - Started process (PID=105) to work on /opt/airflow/dags/helloworld.py
[2024-10-27T06:57:51.991+0000] {processor.py:914} INFO - Processing file /opt/airflow/dags/helloworld.py for tasks to queue
[2024-10-27T06:57:51.996+0000] {logging_mixin.py:190} INFO - [2024-10-27T06:57:51.995+0000] {dagbag.py:588} INFO - Filling up the DagBag from /opt/airflow/dags/helloworld.py
[2024-10-27T06:57:52.013+0000] {processor.py:925} INFO - DAG(s) 'hello_world_dag' retrieved from /opt/airflow/dags/helloworld.py
[2024-10-27T06:57:52.045+0000] {logging_mixin.py:190} INFO - [2024-10-27T06:57:52.044+0000] {dag.py:3239} INFO - Sync 1 DAGs
[2024-10-27T06:57:52.080+0000] {logging_mixin.py:190} INFO - [2024-10-27T06:57:52.079+0000] {dag.py:4180} INFO - Setting next_dagrun for hello_world_dag to 2024-10-27 05:00:00+00:00, run_after=2024-10-27 06:00:00+00:00
[2024-10-27T06:57:52.118+0000] {processor.py:208} INFO - Processing /opt/airflow/dags/helloworld.py took 0.175 seconds
[2024-10-27T06:58:22.960+0000] {processor.py:186} INFO - Started process (PID=108) to work on /opt/airflow/dags/helloworld.py
[2024-10-27T06:58:22.962+0000] {processor.py:914} INFO - Processing file /opt/airflow/dags/helloworld.py for tasks to queue
[2024-10-27T06:58:22.967+0000] {logging_mixin.py:190} INFO - [2024-10-27T06:58:22.966+0000] {dagbag.py:588} INFO - Filling up the DagBag from /opt/airflow/dags/helloworld.py
[2024-10-27T06:58:22.984+0000] {processor.py:925} INFO - DAG(s) 'hello_world_dag' retrieved from /opt/airflow/dags/helloworld.py
[2024-10-27T06:58:23.017+0000] {logging_mixin.py:190} INFO - [2024-10-27T06:58:23.017+0000] {dag.py:3239} INFO - Sync 1 DAGs
[2024-10-27T06:58:23.054+0000] {logging_mixin.py:190} INFO - [2024-10-27T06:58:23.053+0000] {dag.py:4180} INFO - Setting next_dagrun for hello_world_dag to 2024-10-27 05:00:00+00:00, run_after=2024-10-27 06:00:00+00:00
[2024-10-27T06:58:23.086+0000] {processor.py:208} INFO - Processing /opt/airflow/dags/helloworld.py took 0.139 seconds
[2024-10-27T06:58:53.288+0000] {processor.py:186} INFO - Started process (PID=111) to work on /opt/airflow/dags/helloworld.py
[2024-10-27T06:58:53.327+0000] {processor.py:914} INFO - Processing file /opt/airflow/dags/helloworld.py for tasks to queue
[2024-10-27T06:58:53.331+0000] {logging_mixin.py:190} INFO - [2024-10-27T06:58:53.330+0000] {dagbag.py:588} INFO - Filling up the DagBag from /opt/airflow/dags/helloworld.py
[2024-10-27T06:58:53.349+0000] {processor.py:925} INFO - DAG(s) 'hello_world_dag' retrieved from /opt/airflow/dags/helloworld.py
[2024-10-27T06:58:53.382+0000] {logging_mixin.py:190} INFO - [2024-10-27T06:58:53.381+0000] {dag.py:3239} INFO - Sync 1 DAGs
[2024-10-27T06:58:53.420+0000] {logging_mixin.py:190} INFO - [2024-10-27T06:58:53.419+0000] {dag.py:4180} INFO - Setting next_dagrun for hello_world_dag to 2024-10-27 05:00:00+00:00, run_after=2024-10-27 06:00:00+00:00
[2024-10-27T06:58:53.527+0000] {processor.py:208} INFO - Processing /opt/airflow/dags/helloworld.py took 0.248 seconds
[2024-10-27T06:59:25.247+0000] {processor.py:186} INFO - Started process (PID=114) to work on /opt/airflow/dags/helloworld.py
[2024-10-27T06:59:25.248+0000] {processor.py:914} INFO - Processing file /opt/airflow/dags/helloworld.py for tasks to queue
[2024-10-27T06:59:25.251+0000] {logging_mixin.py:190} INFO - [2024-10-27T06:59:25.251+0000] {dagbag.py:588} INFO - Filling up the DagBag from /opt/airflow/dags/helloworld.py
[2024-10-27T06:59:25.268+0000] {processor.py:925} INFO - DAG(s) 'hello_world_dag' retrieved from /opt/airflow/dags/helloworld.py
[2024-10-27T06:59:25.300+0000] {logging_mixin.py:190} INFO - [2024-10-27T06:59:25.300+0000] {dag.py:3239} INFO - Sync 1 DAGs
[2024-10-27T06:59:25.336+0000] {logging_mixin.py:190} INFO - [2024-10-27T06:59:25.336+0000] {dag.py:4180} INFO - Setting next_dagrun for hello_world_dag to 2024-10-27 05:00:00+00:00, run_after=2024-10-27 06:00:00+00:00
[2024-10-27T06:59:25.365+0000] {processor.py:208} INFO - Processing /opt/airflow/dags/helloworld.py took 0.127 seconds
[2024-10-27T06:59:56.274+0000] {processor.py:186} INFO - Started process (PID=117) to work on /opt/airflow/dags/helloworld.py
[2024-10-27T06:59:56.321+0000] {processor.py:914} INFO - Processing file /opt/airflow/dags/helloworld.py for tasks to queue
[2024-10-27T06:59:56.325+0000] {logging_mixin.py:190} INFO - [2024-10-27T06:59:56.325+0000] {dagbag.py:588} INFO - Filling up the DagBag from /opt/airflow/dags/helloworld.py
[2024-10-27T06:59:56.342+0000] {processor.py:925} INFO - DAG(s) 'hello_world_dag' retrieved from /opt/airflow/dags/helloworld.py
[2024-10-27T06:59:56.374+0000] {logging_mixin.py:190} INFO - [2024-10-27T06:59:56.374+0000] {dag.py:3239} INFO - Sync 1 DAGs
[2024-10-27T06:59:56.409+0000] {logging_mixin.py:190} INFO - [2024-10-27T06:59:56.409+0000] {dag.py:4180} INFO - Setting next_dagrun for hello_world_dag to 2024-10-27 05:00:00+00:00, run_after=2024-10-27 06:00:00+00:00
[2024-10-27T06:59:56.448+0000] {processor.py:208} INFO - Processing /opt/airflow/dags/helloworld.py took 0.182 seconds
[2024-10-27T07:00:27.206+0000] {processor.py:186} INFO - Started process (PID=120) to work on /opt/airflow/dags/helloworld.py
[2024-10-27T07:00:27.207+0000] {processor.py:914} INFO - Processing file /opt/airflow/dags/helloworld.py for tasks to queue
[2024-10-27T07:00:27.211+0000] {logging_mixin.py:190} INFO - [2024-10-27T07:00:27.210+0000] {dagbag.py:588} INFO - Filling up the DagBag from /opt/airflow/dags/helloworld.py
[2024-10-27T07:00:27.228+0000] {processor.py:925} INFO - DAG(s) 'hello_world_dag' retrieved from /opt/airflow/dags/helloworld.py
[2024-10-27T07:00:27.260+0000] {logging_mixin.py:190} INFO - [2024-10-27T07:00:27.259+0000] {dag.py:3239} INFO - Sync 1 DAGs
[2024-10-27T07:00:27.295+0000] {logging_mixin.py:190} INFO - [2024-10-27T07:00:27.294+0000] {dag.py:4180} INFO - Setting next_dagrun for hello_world_dag to 2024-10-27 06:00:00+00:00, run_after=2024-10-27 07:00:00+00:00
[2024-10-27T07:00:27.324+0000] {processor.py:208} INFO - Processing /opt/airflow/dags/helloworld.py took 0.127 seconds
[2024-10-27T07:00:58.304+0000] {processor.py:186} INFO - Started process (PID=123) to work on /opt/airflow/dags/helloworld.py
[2024-10-27T07:00:58.343+0000] {processor.py:914} INFO - Processing file /opt/airflow/dags/helloworld.py for tasks to queue
[2024-10-27T07:00:58.347+0000] {logging_mixin.py:190} INFO - [2024-10-27T07:00:58.346+0000] {dagbag.py:588} INFO - Filling up the DagBag from /opt/airflow/dags/helloworld.py
[2024-10-27T07:00:58.369+0000] {processor.py:925} INFO - DAG(s) 'hello_world_dag' retrieved from /opt/airflow/dags/helloworld.py
[2024-10-27T07:00:58.404+0000] {logging_mixin.py:190} INFO - [2024-10-27T07:00:58.403+0000] {dag.py:3239} INFO - Sync 1 DAGs
[2024-10-27T07:00:58.443+0000] {logging_mixin.py:190} INFO - [2024-10-27T07:00:58.442+0000] {dag.py:4180} INFO - Setting next_dagrun for hello_world_dag to 2024-10-27 06:00:00+00:00, run_after=2024-10-27 07:00:00+00:00
[2024-10-27T07:00:58.555+0000] {processor.py:208} INFO - Processing /opt/airflow/dags/helloworld.py took 0.262 seconds
[2024-10-27T07:01:29.282+0000] {processor.py:186} INFO - Started process (PID=126) to work on /opt/airflow/dags/helloworld.py
[2024-10-27T07:01:29.284+0000] {processor.py:914} INFO - Processing file /opt/airflow/dags/helloworld.py for tasks to queue
[2024-10-27T07:01:29.287+0000] {logging_mixin.py:190} INFO - [2024-10-27T07:01:29.287+0000] {dagbag.py:588} INFO - Filling up the DagBag from /opt/airflow/dags/helloworld.py
[2024-10-27T07:01:29.306+0000] {processor.py:925} INFO - DAG(s) 'hello_world_dag' retrieved from /opt/airflow/dags/helloworld.py
[2024-10-27T07:01:29.339+0000] {logging_mixin.py:190} INFO - [2024-10-27T07:01:29.339+0000] {dag.py:3239} INFO - Sync 1 DAGs
[2024-10-27T07:01:29.377+0000] {logging_mixin.py:190} INFO - [2024-10-27T07:01:29.377+0000] {dag.py:4180} INFO - Setting next_dagrun for hello_world_dag to 2024-10-27 06:00:00+00:00, run_after=2024-10-27 07:00:00+00:00
[2024-10-27T07:01:29.412+0000] {processor.py:208} INFO - Processing /opt/airflow/dags/helloworld.py took 0.139 seconds
[2024-10-27T07:10:05.236+0000] {processor.py:186} INFO - Started process (PID=58) to work on /opt/airflow/dags/helloworld.py
[2024-10-27T07:10:05.237+0000] {processor.py:914} INFO - Processing file /opt/airflow/dags/helloworld.py for tasks to queue
[2024-10-27T07:10:05.239+0000] {logging_mixin.py:190} INFO - [2024-10-27T07:10:05.239+0000] {dagbag.py:588} INFO - Filling up the DagBag from /opt/airflow/dags/helloworld.py
[2024-10-27T07:10:05.251+0000] {processor.py:925} INFO - DAG(s) 'hello_world_dag' retrieved from /opt/airflow/dags/helloworld.py
[2024-10-27T07:10:05.433+0000] {logging_mixin.py:190} INFO - [2024-10-27T07:10:05.430+0000] {override.py:1900} INFO - Created Permission View: can delete on DAG:hello_world_dag
[2024-10-27T07:10:05.450+0000] {logging_mixin.py:190} INFO - [2024-10-27T07:10:05.449+0000] {override.py:1900} INFO - Created Permission View: can read on DAG:hello_world_dag
[2024-10-27T07:10:05.458+0000] {logging_mixin.py:190} INFO - [2024-10-27T07:10:05.457+0000] {override.py:1900} INFO - Created Permission View: can edit on DAG:hello_world_dag
[2024-10-27T07:10:05.469+0000] {logging_mixin.py:190} INFO - [2024-10-27T07:10:05.468+0000] {override.py:1900} INFO - Created Permission View: can create on DAG Run:hello_world_dag
[2024-10-27T07:10:05.476+0000] {logging_mixin.py:190} INFO - [2024-10-27T07:10:05.476+0000] {override.py:1900} INFO - Created Permission View: menu access on DAG Run:hello_world_dag
[2024-10-27T07:10:05.484+0000] {logging_mixin.py:190} INFO - [2024-10-27T07:10:05.483+0000] {override.py:1900} INFO - Created Permission View: can read on DAG Run:hello_world_dag
[2024-10-27T07:10:05.491+0000] {logging_mixin.py:190} INFO - [2024-10-27T07:10:05.490+0000] {override.py:1900} INFO - Created Permission View: can delete on DAG Run:hello_world_dag
[2024-10-27T07:10:05.491+0000] {logging_mixin.py:190} INFO - [2024-10-27T07:10:05.491+0000] {dag.py:3239} INFO - Sync 1 DAGs
[2024-10-27T07:10:05.505+0000] {logging_mixin.py:190} INFO - [2024-10-27T07:10:05.504+0000] {dag.py:3262} INFO - Creating ORM DAG for hello_world_dag
[2024-10-27T07:10:05.517+0000] {logging_mixin.py:190} INFO - [2024-10-27T07:10:05.516+0000] {dag.py:4180} INFO - Setting next_dagrun for hello_world_dag to 2024-10-27 06:00:00+00:00, run_after=2024-10-27 07:00:00+00:00
[2024-10-27T07:10:05.535+0000] {processor.py:208} INFO - Processing /opt/airflow/dags/helloworld.py took 0.304 seconds
[2024-10-27T07:10:36.801+0000] {processor.py:186} INFO - Started process (PID=84) to work on /opt/airflow/dags/helloworld.py
[2024-10-27T07:10:36.840+0000] {processor.py:914} INFO - Processing file /opt/airflow/dags/helloworld.py for tasks to queue
[2024-10-27T07:10:36.844+0000] {logging_mixin.py:190} INFO - [2024-10-27T07:10:36.843+0000] {dagbag.py:588} INFO - Filling up the DagBag from /opt/airflow/dags/helloworld.py
[2024-10-27T07:10:36.876+0000] {processor.py:925} INFO - DAG(s) 'hello_world_dag' retrieved from /opt/airflow/dags/helloworld.py
[2024-10-27T07:10:36.917+0000] {logging_mixin.py:190} INFO - [2024-10-27T07:10:36.916+0000] {dag.py:3239} INFO - Sync 1 DAGs
[2024-10-27T07:10:36.941+0000] {logging_mixin.py:190} INFO - [2024-10-27T07:10:36.941+0000] {dag.py:4180} INFO - Setting next_dagrun for hello_world_dag to 2024-10-27 06:00:00+00:00, run_after=2024-10-27 07:00:00+00:00
[2024-10-27T07:10:37.054+0000] {processor.py:208} INFO - Processing /opt/airflow/dags/helloworld.py took 0.263 seconds
[2024-10-27T08:12:39.924+0000] {processor.py:186} INFO - Started process (PID=56) to work on /opt/airflow/dags/helloworld.py
[2024-10-27T08:12:39.925+0000] {processor.py:914} INFO - Processing file /opt/airflow/dags/helloworld.py for tasks to queue
[2024-10-27T08:12:39.931+0000] {logging_mixin.py:190} INFO - [2024-10-27T08:12:39.930+0000] {dagbag.py:588} INFO - Filling up the DagBag from /opt/airflow/dags/helloworld.py
[2024-10-27T08:12:39.952+0000] {processor.py:925} INFO - DAG(s) 'hello_world_dag' retrieved from /opt/airflow/dags/helloworld.py
[2024-10-27T08:12:40.138+0000] {logging_mixin.py:190} INFO - [2024-10-27T08:12:40.135+0000] {override.py:1900} INFO - Created Permission View: can delete on DAG:hello_world_dag
[2024-10-27T08:12:40.152+0000] {logging_mixin.py:190} INFO - [2024-10-27T08:12:40.151+0000] {override.py:1900} INFO - Created Permission View: can read on DAG:hello_world_dag
[2024-10-27T08:12:40.165+0000] {logging_mixin.py:190} INFO - [2024-10-27T08:12:40.165+0000] {override.py:1900} INFO - Created Permission View: can edit on DAG:hello_world_dag
[2024-10-27T08:12:40.186+0000] {logging_mixin.py:190} INFO - [2024-10-27T08:12:40.185+0000] {override.py:1900} INFO - Created Permission View: can delete on DAG Run:hello_world_dag
[2024-10-27T08:12:40.198+0000] {logging_mixin.py:190} INFO - [2024-10-27T08:12:40.197+0000] {override.py:1900} INFO - Created Permission View: can read on DAG Run:hello_world_dag
[2024-10-27T08:12:40.209+0000] {logging_mixin.py:190} INFO - [2024-10-27T08:12:40.208+0000] {override.py:1900} INFO - Created Permission View: can create on DAG Run:hello_world_dag
[2024-10-27T08:12:40.220+0000] {logging_mixin.py:190} INFO - [2024-10-27T08:12:40.219+0000] {override.py:1900} INFO - Created Permission View: menu access on DAG Run:hello_world_dag
[2024-10-27T08:12:40.220+0000] {logging_mixin.py:190} INFO - [2024-10-27T08:12:40.220+0000] {dag.py:3239} INFO - Sync 1 DAGs
[2024-10-27T08:12:40.234+0000] {logging_mixin.py:190} INFO - [2024-10-27T08:12:40.234+0000] {dag.py:3262} INFO - Creating ORM DAG for hello_world_dag
[2024-10-27T08:12:40.246+0000] {logging_mixin.py:190} INFO - [2024-10-27T08:12:40.246+0000] {dag.py:4180} INFO - Setting next_dagrun for hello_world_dag to 2024-10-27 07:00:00+00:00, run_after=2024-10-27 08:00:00+00:00
[2024-10-27T08:12:40.271+0000] {processor.py:208} INFO - Processing /opt/airflow/dags/helloworld.py took 0.359 seconds
[2024-10-27T08:13:11.327+0000] {processor.py:186} INFO - Started process (PID=79) to work on /opt/airflow/dags/helloworld.py
[2024-10-27T08:13:11.329+0000] {processor.py:914} INFO - Processing file /opt/airflow/dags/helloworld.py for tasks to queue
[2024-10-27T08:13:11.332+0000] {logging_mixin.py:190} INFO - [2024-10-27T08:13:11.332+0000] {dagbag.py:588} INFO - Filling up the DagBag from /opt/airflow/dags/helloworld.py
[2024-10-27T08:13:11.358+0000] {processor.py:925} INFO - DAG(s) 'hello_world_dag' retrieved from /opt/airflow/dags/helloworld.py
[2024-10-27T08:13:11.402+0000] {logging_mixin.py:190} INFO - [2024-10-27T08:13:11.402+0000] {dag.py:3239} INFO - Sync 1 DAGs
[2024-10-27T08:13:11.445+0000] {logging_mixin.py:190} INFO - [2024-10-27T08:13:11.445+0000] {dag.py:4180} INFO - Setting next_dagrun for hello_world_dag to 2024-10-27 07:00:00+00:00, run_after=2024-10-27 08:00:00+00:00
[2024-10-27T08:13:11.481+0000] {processor.py:208} INFO - Processing /opt/airflow/dags/helloworld.py took 0.165 seconds
[2024-10-27T08:13:43.217+0000] {processor.py:186} INFO - Started process (PID=87) to work on /opt/airflow/dags/helloworld.py
[2024-10-27T08:13:43.264+0000] {processor.py:914} INFO - Processing file /opt/airflow/dags/helloworld.py for tasks to queue
[2024-10-27T08:13:43.268+0000] {logging_mixin.py:190} INFO - [2024-10-27T08:13:43.268+0000] {dagbag.py:588} INFO - Filling up the DagBag from /opt/airflow/dags/helloworld.py
[2024-10-27T08:13:43.285+0000] {processor.py:925} INFO - DAG(s) 'hello_world_dag' retrieved from /opt/airflow/dags/helloworld.py
[2024-10-27T08:13:43.317+0000] {logging_mixin.py:190} INFO - [2024-10-27T08:13:43.316+0000] {dag.py:3239} INFO - Sync 1 DAGs
[2024-10-27T08:13:43.353+0000] {logging_mixin.py:190} INFO - [2024-10-27T08:13:43.353+0000] {dag.py:4180} INFO - Setting next_dagrun for hello_world_dag to 2024-10-27 07:00:00+00:00, run_after=2024-10-27 08:00:00+00:00
[2024-10-27T08:13:43.397+0000] {processor.py:208} INFO - Processing /opt/airflow/dags/helloworld.py took 0.188 seconds
[2024-10-27T08:14:15.153+0000] {processor.py:186} INFO - Started process (PID=90) to work on /opt/airflow/dags/helloworld.py
[2024-10-27T08:14:15.192+0000] {processor.py:914} INFO - Processing file /opt/airflow/dags/helloworld.py for tasks to queue
[2024-10-27T08:14:15.196+0000] {logging_mixin.py:190} INFO - [2024-10-27T08:14:15.195+0000] {dagbag.py:588} INFO - Filling up the DagBag from /opt/airflow/dags/helloworld.py
[2024-10-27T08:14:15.213+0000] {processor.py:925} INFO - DAG(s) 'hello_world_dag' retrieved from /opt/airflow/dags/helloworld.py
[2024-10-27T08:14:15.246+0000] {logging_mixin.py:190} INFO - [2024-10-27T08:14:15.245+0000] {dag.py:3239} INFO - Sync 1 DAGs
[2024-10-27T08:14:15.282+0000] {logging_mixin.py:190} INFO - [2024-10-27T08:14:15.281+0000] {dag.py:4180} INFO - Setting next_dagrun for hello_world_dag to 2024-10-27 07:00:00+00:00, run_after=2024-10-27 08:00:00+00:00
[2024-10-27T08:14:15.328+0000] {processor.py:208} INFO - Processing /opt/airflow/dags/helloworld.py took 0.183 seconds
[2024-10-27T08:15:31.333+0000] {processor.py:186} INFO - Started process (PID=58) to work on /opt/airflow/dags/helloworld.py
[2024-10-27T08:15:31.371+0000] {processor.py:914} INFO - Processing file /opt/airflow/dags/helloworld.py for tasks to queue
[2024-10-27T08:15:31.374+0000] {logging_mixin.py:190} INFO - [2024-10-27T08:15:31.373+0000] {dagbag.py:588} INFO - Filling up the DagBag from /opt/airflow/dags/helloworld.py
[2024-10-27T08:15:31.385+0000] {processor.py:925} INFO - DAG(s) 'hello_world_dag' retrieved from /opt/airflow/dags/helloworld.py
[2024-10-27T08:15:31.409+0000] {logging_mixin.py:190} INFO - [2024-10-27T08:15:31.408+0000] {dag.py:3239} INFO - Sync 1 DAGs
[2024-10-27T08:15:31.430+0000] {logging_mixin.py:190} INFO - [2024-10-27T08:15:31.430+0000] {dag.py:4180} INFO - Setting next_dagrun for hello_world_dag to 2024-10-27 07:00:00+00:00, run_after=2024-10-27 08:00:00+00:00
[2024-10-27T08:15:31.457+0000] {processor.py:208} INFO - Processing /opt/airflow/dags/helloworld.py took 0.130 seconds
[2024-10-27T08:16:03.047+0000] {processor.py:186} INFO - Started process (PID=79) to work on /opt/airflow/dags/helloworld.py
[2024-10-27T08:16:03.086+0000] {processor.py:914} INFO - Processing file /opt/airflow/dags/helloworld.py for tasks to queue
[2024-10-27T08:16:03.090+0000] {logging_mixin.py:190} INFO - [2024-10-27T08:16:03.089+0000] {dagbag.py:588} INFO - Filling up the DagBag from /opt/airflow/dags/helloworld.py
[2024-10-27T08:16:03.107+0000] {processor.py:925} INFO - DAG(s) 'hello_world_dag' retrieved from /opt/airflow/dags/helloworld.py
[2024-10-27T08:16:03.140+0000] {logging_mixin.py:190} INFO - [2024-10-27T08:16:03.139+0000] {dag.py:3239} INFO - Sync 1 DAGs
[2024-10-27T08:16:03.175+0000] {logging_mixin.py:190} INFO - [2024-10-27T08:16:03.174+0000] {dag.py:4180} INFO - Setting next_dagrun for hello_world_dag to 2024-10-27 07:00:00+00:00, run_after=2024-10-27 08:00:00+00:00
[2024-10-27T08:16:03.215+0000] {processor.py:208} INFO - Processing /opt/airflow/dags/helloworld.py took 0.176 seconds
[2024-10-27T08:16:34.804+0000] {processor.py:186} INFO - Started process (PID=82) to work on /opt/airflow/dags/helloworld.py
[2024-10-27T08:16:34.843+0000] {processor.py:914} INFO - Processing file /opt/airflow/dags/helloworld.py for tasks to queue
[2024-10-27T08:16:34.847+0000] {logging_mixin.py:190} INFO - [2024-10-27T08:16:34.846+0000] {dagbag.py:588} INFO - Filling up the DagBag from /opt/airflow/dags/helloworld.py
[2024-10-27T08:16:34.864+0000] {processor.py:925} INFO - DAG(s) 'hello_world_dag' retrieved from /opt/airflow/dags/helloworld.py
[2024-10-27T08:16:34.896+0000] {logging_mixin.py:190} INFO - [2024-10-27T08:16:34.896+0000] {dag.py:3239} INFO - Sync 1 DAGs
[2024-10-27T08:16:34.932+0000] {logging_mixin.py:190} INFO - [2024-10-27T08:16:34.932+0000] {dag.py:4180} INFO - Setting next_dagrun for hello_world_dag to 2024-10-27 07:00:00+00:00, run_after=2024-10-27 08:00:00+00:00
[2024-10-27T08:16:34.963+0000] {processor.py:208} INFO - Processing /opt/airflow/dags/helloworld.py took 0.168 seconds
[2024-10-27T08:17:06.260+0000] {processor.py:186} INFO - Started process (PID=85) to work on /opt/airflow/dags/helloworld.py
[2024-10-27T08:17:06.338+0000] {processor.py:914} INFO - Processing file /opt/airflow/dags/helloworld.py for tasks to queue
[2024-10-27T08:17:06.342+0000] {logging_mixin.py:190} INFO - [2024-10-27T08:17:06.341+0000] {dagbag.py:588} INFO - Filling up the DagBag from /opt/airflow/dags/helloworld.py
[2024-10-27T08:17:06.359+0000] {processor.py:925} INFO - DAG(s) 'hello_world_dag' retrieved from /opt/airflow/dags/helloworld.py
[2024-10-27T08:17:06.391+0000] {logging_mixin.py:190} INFO - [2024-10-27T08:17:06.391+0000] {dag.py:3239} INFO - Sync 1 DAGs
[2024-10-27T08:17:06.427+0000] {logging_mixin.py:190} INFO - [2024-10-27T08:17:06.426+0000] {dag.py:4180} INFO - Setting next_dagrun for hello_world_dag to 2024-10-27 07:00:00+00:00, run_after=2024-10-27 08:00:00+00:00
[2024-10-27T08:17:06.457+0000] {processor.py:208} INFO - Processing /opt/airflow/dags/helloworld.py took 0.205 seconds
[2024-10-27T08:17:38.320+0000] {processor.py:186} INFO - Started process (PID=88) to work on /opt/airflow/dags/helloworld.py
[2024-10-27T08:17:38.322+0000] {processor.py:914} INFO - Processing file /opt/airflow/dags/helloworld.py for tasks to queue
[2024-10-27T08:17:38.326+0000] {logging_mixin.py:190} INFO - [2024-10-27T08:17:38.325+0000] {dagbag.py:588} INFO - Filling up the DagBag from /opt/airflow/dags/helloworld.py
[2024-10-27T08:17:38.346+0000] {processor.py:925} INFO - DAG(s) 'hello_world_dag' retrieved from /opt/airflow/dags/helloworld.py
[2024-10-27T08:17:38.383+0000] {logging_mixin.py:190} INFO - [2024-10-27T08:17:38.383+0000] {dag.py:3239} INFO - Sync 1 DAGs
[2024-10-27T08:17:38.423+0000] {logging_mixin.py:190} INFO - [2024-10-27T08:17:38.423+0000] {dag.py:4180} INFO - Setting next_dagrun for hello_world_dag to 2024-10-27 07:00:00+00:00, run_after=2024-10-27 08:00:00+00:00
[2024-10-27T08:17:38.528+0000] {processor.py:208} INFO - Processing /opt/airflow/dags/helloworld.py took 0.225 seconds
[2024-10-27T08:21:34.688+0000] {processor.py:186} INFO - Started process (PID=68) to work on /opt/airflow/dags/helloworld.py
[2024-10-27T08:21:34.726+0000] {processor.py:914} INFO - Processing file /opt/airflow/dags/helloworld.py for tasks to queue
[2024-10-27T08:21:34.729+0000] {logging_mixin.py:190} INFO - [2024-10-27T08:21:34.729+0000] {dagbag.py:588} INFO - Filling up the DagBag from /opt/airflow/dags/helloworld.py
[2024-10-27T08:21:34.740+0000] {processor.py:925} INFO - DAG(s) 'hello_world_dag' retrieved from /opt/airflow/dags/helloworld.py
[2024-10-27T08:21:34.919+0000] {logging_mixin.py:190} INFO - [2024-10-27T08:21:34.917+0000] {override.py:1900} INFO - Created Permission View: can edit on DAG:hello_world_dag
[2024-10-27T08:21:34.929+0000] {logging_mixin.py:190} INFO - [2024-10-27T08:21:34.929+0000] {override.py:1900} INFO - Created Permission View: can delete on DAG:hello_world_dag
[2024-10-27T08:21:34.939+0000] {logging_mixin.py:190} INFO - [2024-10-27T08:21:34.938+0000] {override.py:1900} INFO - Created Permission View: can read on DAG:hello_world_dag
[2024-10-27T08:21:34.947+0000] {logging_mixin.py:190} INFO - [2024-10-27T08:21:34.946+0000] {override.py:1900} INFO - Created Permission View: can create on DAG Run:hello_world_dag
[2024-10-27T08:21:34.953+0000] {logging_mixin.py:190} INFO - [2024-10-27T08:21:34.952+0000] {override.py:1900} INFO - Created Permission View: can delete on DAG Run:hello_world_dag
[2024-10-27T08:21:34.959+0000] {logging_mixin.py:190} INFO - [2024-10-27T08:21:34.958+0000] {override.py:1900} INFO - Created Permission View: menu access on DAG Run:hello_world_dag
[2024-10-27T08:21:34.964+0000] {logging_mixin.py:190} INFO - [2024-10-27T08:21:34.964+0000] {override.py:1900} INFO - Created Permission View: can read on DAG Run:hello_world_dag
[2024-10-27T08:21:34.965+0000] {logging_mixin.py:190} INFO - [2024-10-27T08:21:34.965+0000] {dag.py:3239} INFO - Sync 1 DAGs
[2024-10-27T08:21:34.976+0000] {logging_mixin.py:190} INFO - [2024-10-27T08:21:34.976+0000] {dag.py:3262} INFO - Creating ORM DAG for hello_world_dag
[2024-10-27T08:21:34.986+0000] {logging_mixin.py:190} INFO - [2024-10-27T08:21:34.986+0000] {dag.py:4180} INFO - Setting next_dagrun for hello_world_dag to 2024-10-27 07:00:00+00:00, run_after=2024-10-27 08:00:00+00:00
[2024-10-27T08:21:35.001+0000] {processor.py:208} INFO - Processing /opt/airflow/dags/helloworld.py took 0.319 seconds
[2024-10-27T08:22:07.136+0000] {processor.py:186} INFO - Started process (PID=105) to work on /opt/airflow/dags/helloworld.py
[2024-10-27T08:22:07.137+0000] {processor.py:914} INFO - Processing file /opt/airflow/dags/helloworld.py for tasks to queue
[2024-10-27T08:22:07.140+0000] {logging_mixin.py:190} INFO - [2024-10-27T08:22:07.140+0000] {dagbag.py:588} INFO - Filling up the DagBag from /opt/airflow/dags/helloworld.py
[2024-10-27T08:22:07.157+0000] {processor.py:925} INFO - DAG(s) 'hello_world_dag' retrieved from /opt/airflow/dags/helloworld.py
[2024-10-27T08:22:07.179+0000] {logging_mixin.py:190} INFO - [2024-10-27T08:22:07.179+0000] {dag.py:3239} INFO - Sync 1 DAGs
[2024-10-27T08:22:07.200+0000] {logging_mixin.py:190} INFO - [2024-10-27T08:22:07.200+0000] {dag.py:4180} INFO - Setting next_dagrun for hello_world_dag to 2024-10-27 07:00:00+00:00, run_after=2024-10-27 08:00:00+00:00
[2024-10-27T08:22:07.225+0000] {processor.py:208} INFO - Processing /opt/airflow/dags/helloworld.py took 0.098 seconds
[2024-10-27T08:22:39.832+0000] {processor.py:186} INFO - Started process (PID=119) to work on /opt/airflow/dags/helloworld.py
[2024-10-27T08:22:39.872+0000] {processor.py:914} INFO - Processing file /opt/airflow/dags/helloworld.py for tasks to queue
[2024-10-27T08:22:39.876+0000] {logging_mixin.py:190} INFO - [2024-10-27T08:22:39.875+0000] {dagbag.py:588} INFO - Filling up the DagBag from /opt/airflow/dags/helloworld.py
[2024-10-27T08:22:39.893+0000] {processor.py:925} INFO - DAG(s) 'hello_world_dag' retrieved from /opt/airflow/dags/helloworld.py
[2024-10-27T08:22:39.925+0000] {logging_mixin.py:190} INFO - [2024-10-27T08:22:39.924+0000] {dag.py:3239} INFO - Sync 1 DAGs
[2024-10-27T08:22:39.960+0000] {logging_mixin.py:190} INFO - [2024-10-27T08:22:39.960+0000] {dag.py:4180} INFO - Setting next_dagrun for hello_world_dag to 2024-10-27 07:00:00+00:00, run_after=2024-10-27 08:00:00+00:00
[2024-10-27T08:22:40.000+0000] {processor.py:208} INFO - Processing /opt/airflow/dags/helloworld.py took 0.176 seconds
[2024-10-27T08:23:12.444+0000] {processor.py:186} INFO - Started process (PID=133) to work on /opt/airflow/dags/helloworld.py
[2024-10-27T08:23:12.483+0000] {processor.py:914} INFO - Processing file /opt/airflow/dags/helloworld.py for tasks to queue
[2024-10-27T08:23:12.486+0000] {logging_mixin.py:190} INFO - [2024-10-27T08:23:12.485+0000] {dagbag.py:588} INFO - Filling up the DagBag from /opt/airflow/dags/helloworld.py
[2024-10-27T08:23:12.504+0000] {processor.py:925} INFO - DAG(s) 'hello_world_dag' retrieved from /opt/airflow/dags/helloworld.py
[2024-10-27T08:23:12.536+0000] {logging_mixin.py:190} INFO - [2024-10-27T08:23:12.536+0000] {dag.py:3239} INFO - Sync 1 DAGs
[2024-10-27T08:23:12.572+0000] {logging_mixin.py:190} INFO - [2024-10-27T08:23:12.571+0000] {dag.py:4180} INFO - Setting next_dagrun for hello_world_dag to 2024-10-27 07:00:00+00:00, run_after=2024-10-27 08:00:00+00:00
[2024-10-27T08:23:12.613+0000] {processor.py:208} INFO - Processing /opt/airflow/dags/helloworld.py took 0.178 seconds
[2024-10-27T08:23:44.804+0000] {processor.py:186} INFO - Started process (PID=147) to work on /opt/airflow/dags/helloworld.py
[2024-10-27T08:23:44.843+0000] {processor.py:914} INFO - Processing file /opt/airflow/dags/helloworld.py for tasks to queue
[2024-10-27T08:23:44.848+0000] {logging_mixin.py:190} INFO - [2024-10-27T08:23:44.848+0000] {dagbag.py:588} INFO - Filling up the DagBag from /opt/airflow/dags/helloworld.py
[2024-10-27T08:23:44.866+0000] {processor.py:925} INFO - DAG(s) 'hello_world_dag' retrieved from /opt/airflow/dags/helloworld.py
[2024-10-27T08:23:44.898+0000] {logging_mixin.py:190} INFO - [2024-10-27T08:23:44.898+0000] {dag.py:3239} INFO - Sync 1 DAGs
[2024-10-27T08:23:44.935+0000] {logging_mixin.py:190} INFO - [2024-10-27T08:23:44.935+0000] {dag.py:4180} INFO - Setting next_dagrun for hello_world_dag to 2024-10-27 07:00:00+00:00, run_after=2024-10-27 08:00:00+00:00
[2024-10-27T08:23:45.046+0000] {processor.py:208} INFO - Processing /opt/airflow/dags/helloworld.py took 0.251 seconds
[2024-10-27T08:24:16.954+0000] {processor.py:186} INFO - Started process (PID=161) to work on /opt/airflow/dags/helloworld.py
[2024-10-27T08:24:16.992+0000] {processor.py:914} INFO - Processing file /opt/airflow/dags/helloworld.py for tasks to queue
[2024-10-27T08:24:16.997+0000] {logging_mixin.py:190} INFO - [2024-10-27T08:24:16.996+0000] {dagbag.py:588} INFO - Filling up the DagBag from /opt/airflow/dags/helloworld.py
[2024-10-27T08:24:17.024+0000] {processor.py:925} INFO - DAG(s) 'hello_world_dag' retrieved from /opt/airflow/dags/helloworld.py
[2024-10-27T08:24:17.060+0000] {logging_mixin.py:190} INFO - [2024-10-27T08:24:17.060+0000] {dag.py:3239} INFO - Sync 1 DAGs
[2024-10-27T08:24:17.086+0000] {logging_mixin.py:190} INFO - [2024-10-27T08:24:17.086+0000] {dag.py:4180} INFO - Setting next_dagrun for hello_world_dag to 2024-10-27 07:00:00+00:00, run_after=2024-10-27 08:00:00+00:00
[2024-10-27T08:24:17.117+0000] {processor.py:208} INFO - Processing /opt/airflow/dags/helloworld.py took 0.174 seconds
[2024-10-27T08:24:49.202+0000] {processor.py:186} INFO - Started process (PID=175) to work on /opt/airflow/dags/helloworld.py
[2024-10-27T08:24:49.203+0000] {processor.py:914} INFO - Processing file /opt/airflow/dags/helloworld.py for tasks to queue
[2024-10-27T08:24:49.206+0000] {logging_mixin.py:190} INFO - [2024-10-27T08:24:49.205+0000] {dagbag.py:588} INFO - Filling up the DagBag from /opt/airflow/dags/helloworld.py
[2024-10-27T08:24:49.223+0000] {processor.py:925} INFO - DAG(s) 'hello_world_dag' retrieved from /opt/airflow/dags/helloworld.py
[2024-10-27T08:24:49.256+0000] {logging_mixin.py:190} INFO - [2024-10-27T08:24:49.256+0000] {dag.py:3239} INFO - Sync 1 DAGs
[2024-10-27T08:24:49.292+0000] {logging_mixin.py:190} INFO - [2024-10-27T08:24:49.292+0000] {dag.py:4180} INFO - Setting next_dagrun for hello_world_dag to 2024-10-27 07:00:00+00:00, run_after=2024-10-27 08:00:00+00:00
[2024-10-27T08:24:49.331+0000] {processor.py:208} INFO - Processing /opt/airflow/dags/helloworld.py took 0.138 seconds
